A(10,60), B(40,140), C(170,50), P(207,474) 	= 0
A(10,60), B(40,140), C(170,50), P(563,80) 	= 0
A(10,60), B(40,140), C(170,50), P(345,254) 	= 0
A(10,60), B(40,140), C(170,50), P(248,93) 	= 0
A(10,60), B(40,140), C(170,50), P(231,154) 	= 0
A(10,60), B(40,140), C(170,50), P(160,174) 	= 0
A(10,60), B(40,140), C(170,50), P(210,454) 	= 0
A(10,60), B(40,140), C(170,50), P(94,386) 	= 0
A(10,60), B(40,140), C(170,50), P(283,121) 	= 0
A(10,60), B(40,140), C(170,50), P(95,234) 	= 0
A(10,60), B(40,140), C(170,50), P(603,109) 	= 0
A(10,60), B(40,140), C(170,50), P(462,119) 	= 0
A(10,60), B(40,140), C(170,50), P(354,473) 	= 0
A(10,60), B(40,140), C(170,50), P(149,65) 	= 0
A(10,60), B(40,140), C(170,50), P(46,301) 	= 0
A(10,60), B(40,140), C(170,50), P(625,445) 	= 0
A(10,60), B(40,140), C(170,50), P(295,101) 	= 0
A(10,60), B(40,140), C(170,50), P(398,193) 	= 0
A(10,60), B(40,140), C(170,50), P(355,166) 	= 0
A(10,60), B(40,140), C(170,50), P(638,298) 	= 0
A(10,60), B(40,140), C(170,50), P(192,190) 	= 0
A(10,60), B(40,140), C(170,50), P(632,434) 	= 0
A(10,60), B(40,140), C(170,50), P(5,406) 	= 0
A(10,60), B(40,140), C(170,50), P(180,320) 	= 0
A(10,60), B(40,140), C(170,50), P(239,307) 	= 0
A(180,130), B(100,120), C(130,190), P(74,363) 	= 0
A(180,130), B(100,120), C(130,190), P(257,216) 	= 0
A(180,130), B(100,120), C(130,190), P(322,3) 	= 0
A(180,130), B(100,120), C(130,190), P(82,152) 	= 0
A(180,130), B(100,120), C(130,190), P(69,0) 	= 0
A(180,130), B(100,120), C(130,190), P(133,86) 	= 0
A(180,130), B(100,120), C(130,190), P(125,140) 	= 1
A(180,130), B(100,120), C(130,190), P(347,235) 	= 0
A(180,130), B(100,120), C(130,190), P(45,414) 	= 0
A(180,130), B(100,120), C(130,190), P(401,363) 	= 0
A(180,130), B(100,120), C(130,190), P(392,465) 	= 0
A(180,130), B(100,120), C(130,190), P(74,224) 	= 0
A(180,130), B(100,120), C(130,190), P(100,111) 	= 0
A(180,130), B(100,120), C(130,190), P(342,152) 	= 0
A(180,130), B(100,120), C(130,190), P(111,422) 	= 0
A(180,130), B(100,120), C(130,190), P(300,377) 	= 0
A(180,130), B(100,120), C(130,190), P(17,269) 	= 0
A(180,130), B(100,120), C(130,190), P(466,179) 	= 0
A(180,130), B(100,120), C(130,190), P(144,68) 	= 0
A(180,130), B(100,120), C(130,190), P(43,213) 	= 0
A(180,130), B(100,120), C(130,190), P(548,48) 	= 0
A(180,130), B(100,120), C(130,190), P(12,385) 	= 0
A(180,130), B(100,120), C(130,190), P(221,359) 	= 0
A(180,130), B(100,120), C(130,190), P(301,266) 	= 0
A(180,130), B(100,120), C(130,190), P(294,414) 	= 0
A(90,190), B(50,160), C(40,210), P(182,398) 	= 0
A(90,190), B(50,160), C(40,210), P(272,448) 	= 0
A(90,190), B(50,160), C(40,210), P(303,84) 	= 0
A(90,190), B(50,160), C(40,210), P(79,37) 	= 0
A(90,190), B(50,160), C(40,210), P(396,382) 	= 0
A(90,190), B(50,160), C(40,210), P(459,88) 	= 0
A(90,190), B(50,160), C(40,210), P(119,28) 	= 0
A(90,190), B(50,160), C(40,210), P(229,265) 	= 0
A(90,190), B(50,160), C(40,210), P(48,374) 	= 0
A(90,190), B(50,160), C(40,210), P(365,283) 	= 0
A(90,190), B(50,160), C(40,210), P(459,273) 	= 0
A(90,190), B(50,160), C(40,210), P(12,151) 	= 0
A(90,190), B(50,160), C(40,210), P(51,393) 	= 0
A(90,190), B(50,160), C(40,210), P(63,64) 	= 0
A(90,190), B(50,160), C(40,210), P(371,69) 	= 0
A(90,190), B(50,160), C(40,210), P(30,73) 	= 0
A(90,190), B(50,160), C(40,210), P(147,142) 	= 0
A(90,190), B(50,160), C(40,210), P(41,130) 	= 0
A(90,190), B(50,160), C(40,210), P(546,120) 	= 0
A(90,190), B(50,160), C(40,210), P(200,335) 	= 0
A(90,190), B(50,160), C(40,210), P(182,371) 	= 0
A(90,190), B(50,160), C(40,210), P(103,174) 	= 0
A(90,190), B(50,160), C(40,210), P(240,45) 	= 0
A(90,190), B(50,160), C(40,210), P(119,128) 	= 0
A(90,190), B(50,160), C(40,210), P(451,165) 	= 0
A(180,190), B(150,180), C(160,210), P(251,270) 	= 0
A(180,190), B(150,180), C(160,210), P(630,135) 	= 0
A(180,190), B(150,180), C(160,210), P(614,233) 	= 0
A(180,190), B(150,180), C(160,210), P(240,69) 	= 0
A(180,190), B(150,180), C(160,210), P(9,452) 	= 0
A(180,190), B(150,180), C(160,210), P(138,40) 	= 0
A(180,190), B(150,180), C(160,210), P(525,125) 	= 0
A(180,190), B(150,180), C(160,210), P(214,439) 	= 0
A(180,190), B(150,180), C(160,210), P(608,153) 	= 0
A(180,190), B(150,180), C(160,210), P(431,168) 	= 0
A(180,190), B(150,180), C(160,210), P(168,326) 	= 0
A(180,190), B(150,180), C(160,210), P(59,303) 	= 0
A(180,190), B(150,180), C(160,210), P(20,459) 	= 0
A(180,190), B(150,180), C(160,210), P(220,331) 	= 0
A(180,190), B(150,180), C(160,210), P(459,31) 	= 0
A(180,190), B(150,180), C(160,210), P(368,263) 	= 0
A(180,190), B(150,180), C(160,210), P(174,71) 	= 0
A(180,190), B(150,180), C(160,210), P(78,340) 	= 0
A(180,190), B(150,180), C(160,210), P(16,191) 	= 0
A(180,190), B(150,180), C(160,210), P(569,346) 	= 0
A(180,190), B(150,180), C(160,210), P(163,67) 	= 0
A(180,190), B(150,180), C(160,210), P(66,80) 	= 0
A(180,190), B(150,180), C(160,210), P(224,312) 	= 0
A(180,190), B(150,180), C(160,210), P(231,192) 	= 0
A(180,190), B(150,180), C(160,210), P(145,343) 	= 0
A(130,220), B(100,220), C(100,250), P(232,345) 	= 0
A(130,220), B(100,220), C(100,250), P(381,292) 	= 0
A(130,220), B(100,220), C(100,250), P(201,81) 	= 0
A(130,220), B(100,220), C(100,250), P(463,261) 	= 0
A(130,220), B(100,220), C(100,250), P(284,123) 	= 0
A(130,220), B(100,220), C(100,250), P(325,45) 	= 0
A(130,220), B(100,220), C(100,250), P(98,339) 	= 0
A(130,220), B(100,220), C(100,250), P(116,48) 	= 0
A(130,220), B(100,220), C(100,250), P(519,292) 	= 0
A(130,220), B(100,220), C(100,250), P(239,0) 	= 0
A(130,220), B(100,220), C(100,250), P(158,402) 	= 0
A(130,220), B(100,220), C(100,250), P(387,416) 	= 0
A(130,220), B(100,220), C(100,250), P(195,131) 	= 0
A(130,220), B(100,220), C(100,250), P(121,266) 	= 0
A(130,220), B(100,220), C(100,250), P(36,458) 	= 0
A(130,220), B(100,220), C(100,250), P(449,428) 	= 0
A(130,220), B(100,220), C(100,250), P(196,190) 	= 0
A(130,220), B(100,220), C(100,250), P(432,237) 	= 0
A(130,220), B(100,220), C(100,250), P(463,256) 	= 0
A(130,220), B(100,220), C(100,250), P(50,300) 	= 0
A(130,220), B(100,220), C(100,250), P(411,407) 	= 0
A(130,220), B(100,220), C(100,250), P(505,29) 	= 0
A(130,220), B(100,220), C(100,250), P(106,461) 	= 0
A(130,220), B(100,220), C(100,250), P(557,337) 	= 0
A(130,220), B(100,220), C(100,250), P(625,317) 	= 0
A(60,250), B(20,230), C(10,250), P(177,176) 	= 0
A(60,250), B(20,230), C(10,250), P(431,276) 	= 0
A(60,250), B(20,230), C(10,250), P(624,466) 	= 0
A(60,250), B(20,230), C(10,250), P(280,105) 	= 0
A(60,250), B(20,230), C(10,250), P(413,476) 	= 0
A(60,250), B(20,230), C(10,250), P(244,254) 	= 0
A(60,250), B(20,230), C(10,250), P(584,280) 	= 0
A(60,250), B(20,230), C(10,250), P(157,57) 	= 0
A(60,250), B(20,230), C(10,250), P(69,460) 	= 0
A(60,250), B(20,230), C(10,250), P(505,151) 	= 0
A(60,250), B(20,230), C(10,250), P(600,436) 	= 0
A(60,250), B(20,230), C(10,250), P(239,145) 	= 0
A(60,250), B(20,230), C(10,250), P(17,217) 	= 0
A(60,250), B(20,230), C(10,250), P(318,286) 	= 0
A(60,250), B(20,230), C(10,250), P(75,16) 	= 0
A(60,250), B(20,230), C(10,250), P(475,284) 	= 0
A(60,250), B(20,230), C(10,250), P(192,107) 	= 0
A(60,250), B(20,230), C(10,250), P(561,176) 	= 0
A(60,250), B(20,230), C(10,250), P(125,361) 	= 0
A(60,250), B(20,230), C(10,250), P(282,90) 	= 0
A(60,250), B(20,230), C(10,250), P(389,238) 	= 0
A(60,250), B(20,230), C(10,250), P(505,45) 	= 0
A(60,250), B(20,230), C(10,250), P(198,182) 	= 0
A(60,250), B(20,230), C(10,250), P(454,299) 	= 0
A(60,250), B(20,230), C(10,250), P(514,159) 	= 0
